# JRE version: OpenJDK Runtime Environment (8.0_312-b07) (build 1.8.0_312-b07)
# Java VM: OpenJDK 64-Bit Server VM (25.312-b07 mixed mode windows-amd64 compressed oops)
Heap:
 PSYoungGen      total 305152K, used 252971K [0x00000000d6780000, 0x00000000fdc00000, 0x0000000100000000)
  eden space 304640K, 83% used [0x00000000d6780000,0x00000000e5e72e38,0x00000000e9100000)
  from space 512K, 18% used [0x00000000fdb80000,0x00000000fdb98000,0x00000000fdc00000)
  to   space 512K, 0% used [0x00000000fdb00000,0x00000000fdb00000,0x00000000fdb80000)
 ParOldGen       total 86016K, used 3070K [0x0000000083600000, 0x0000000088a00000, 0x00000000d6780000)
  object space 86016K, 3% used [0x0000000083600000,0x00000000838ff8b8,0x0000000088a00000)
 Metaspace       used 15147K, capacity 15450K, committed 15744K, reserved 1062912K
  class space    used 1726K, capacity 1817K, committed 1920K, reserved 1048576K
GC Heap History (10 events):
Event: 11.241 GC heap before
{Heap before GC invocations=50 (full 0):
 PSYoungGen      total 384512K, used 383520K [0x00000000d6780000, 0x00000000fdd00000, 0x0000000100000000)
  eden space 383488K, 100% used [0x00000000d6780000,0x00000000ede00000,0x00000000ede00000)
  from space 1024K, 3% used [0x00000000fdb00000,0x00000000fdb08000,0x00000000fdc00000)
  to   space 1024K, 0% used [0x00000000fdc00000,0x00000000fdc00000,0x00000000fdd00000)
 ParOldGen       total 86016K, used 3070K [0x0000000083600000, 0x0000000088a00000, 0x00000000d6780000)
  object space 86016K, 3% used [0x0000000083600000,0x00000000838ff8b8,0x0000000088a00000)
 Metaspace       used 15141K, capacity 15450K, committed 15744K, reserved 1062912K
  class space    used 1724K, capacity 1817K, committed 1920K, reserved 1048576K
Event: 11.242 GC heap after
Heap after GC invocations=50 (full 0):
 PSYoungGen      total 366592K, used 128K [0x00000000d6780000, 0x00000000fdc80000, 0x0000000100000000)
  eden space 366080K, 0% used [0x00000000d6780000,0x00000000d6780000,0x00000000ecd00000)
  from space 512K, 25% used [0x00000000fdc00000,0x00000000fdc20000,0x00000000fdc80000)
  to   space 1024K, 0% used [0x00000000fda80000,0x00000000fda80000,0x00000000fdb80000)
 ParOldGen       total 86016K, used 3070K [0x0000000083600000, 0x0000000088a00000, 0x00000000d6780000)
  object space 86016K, 3% used [0x0000000083600000,0x00000000838ff8b8,0x0000000088a00000)
 Metaspace       used 15141K, capacity 15450K, committed 15744K, reserved 1062912K
  class space    used 1724K, capacity 1817K, committed 1920K, reserved 1048576K
}
Event: 11.358 GC heap before
{Heap before GC invocations=51 (full 0):
 PSYoungGen      total 366592K, used 366208K [0x00000000d6780000, 0x00000000fdc80000, 0x0000000100000000)
  eden space 366080K, 100% used [0x00000000d6780000,0x00000000ecd00000,0x00000000ecd00000)
  from space 512K, 25% used [0x00000000fdc00000,0x00000000fdc20000,0x00000000fdc80000)
  to   space 1024K, 0% used [0x00000000fda80000,0x00000000fda80000,0x00000000fdb80000)
 ParOldGen       total 86016K, used 3070K [0x0000000083600000, 0x0000000088a00000, 0x00000000d6780000)
  object space 86016K, 3% used [0x0000000083600000,0x00000000838ff8b8,0x0000000088a00000)
 Metaspace       used 15141K, capacity 15450K, committed 15744K, reserved 1062912K
  class space    used 1724K, capacity 1817K, committed 1920K, reserved 1048576K
Event: 11.359 GC heap after
Heap after GC invocations=51 (full 0):
 PSYoungGen      total 350720K, used 64K [0x00000000d6780000, 0x00000000fdc80000, 0x0000000100000000)
  eden space 349696K, 0% used [0x00000000d6780000,0x00000000d6780000,0x00000000ebd00000)
  from space 1024K, 6% used [0x00000000fda80000,0x00000000fda90000,0x00000000fdb80000)
  to   space 1024K, 0% used [0x00000000fdb80000,0x00000000fdb80000,0x00000000fdc80000)
 ParOldGen       total 86016K, used 3070K [0x0000000083600000, 0x0000000088a00000, 0x00000000d6780000)
  object space 86016K, 3% used [0x0000000083600000,0x00000000838ff8b8,0x0000000088a00000)
 Metaspace       used 15141K, capacity 15450K, committed 15744K, reserved 1062912K
  class space    used 1724K, capacity 1817K, committed 1920K, reserved 1048576K
}
Event: 11.465 GC heap before
{Heap before GC invocations=52 (full 0):
 PSYoungGen      total 350720K, used 349760K [0x00000000d6780000, 0x00000000fdc80000, 0x0000000100000000)
  eden space 349696K, 100% used [0x00000000d6780000,0x00000000ebd00000,0x00000000ebd00000)
  from space 1024K, 6% used [0x00000000fda80000,0x00000000fda90000,0x00000000fdb80000)
  to   space 1024K, 0% used [0x00000000fdb80000,0x00000000fdb80000,0x00000000fdc80000)
 ParOldGen       total 86016K, used 3070K [0x0000000083600000, 0x0000000088a00000, 0x00000000d6780000)
  object space 86016K, 3% used [0x0000000083600000,0x00000000838ff8b8,0x0000000088a00000)
 Metaspace       used 15141K, capacity 15450K, committed 15744K, reserved 1062912K
  class space    used 1724K, capacity 1817K, committed 1920K, reserved 1048576K
Event: 11.466 GC heap after
Heap after GC invocations=52 (full 0):
 PSYoungGen      total 334336K, used 96K [0x00000000d6780000, 0x00000000fdc00000, 0x0000000100000000)
  eden space 333824K, 0% used [0x00000000d6780000,0x00000000d6780000,0x00000000ead80000)
  from space 512K, 18% used [0x00000000fdb80000,0x00000000fdb98000,0x00000000fdc00000)
  to   space 512K, 0% used [0x00000000fdb00000,0x00000000fdb00000,0x00000000fdb80000)
 ParOldGen       total 86016K, used 3070K [0x0000000083600000, 0x0000000088a00000, 0x00000000d6780000)
  object space 86016K, 3% used [0x0000000083600000,0x00000000838ff8b8,0x0000000088a00000)
 Metaspace       used 15141K, capacity 15450K, committed 15744K, reserved 1062912K
  class space    used 1724K, capacity 1817K, committed 1920K, reserved 1048576K
}
Event: 11.568 GC heap before
{Heap before GC invocations=53 (full 0):
 PSYoungGen      total 334336K, used 333920K [0x00000000d6780000, 0x00000000fdc00000, 0x0000000100000000)
  eden space 333824K, 100% used [0x00000000d6780000,0x00000000ead80000,0x00000000ead80000)
  from space 512K, 18% used [0x00000000fdb80000,0x00000000fdb98000,0x00000000fdc00000)
  to   space 512K, 0% used [0x00000000fdb00000,0x00000000fdb00000,0x00000000fdb80000)
 ParOldGen       total 86016K, used 3070K [0x0000000083600000, 0x0000000088a00000, 0x00000000d6780000)
  object space 86016K, 3% used [0x0000000083600000,0x00000000838ff8b8,0x0000000088a00000)
 Metaspace       used 15141K, capacity 15450K, committed 15744K, reserved 1062912K
  class space    used 1724K, capacity 1817K, committed 1920K, reserved 1048576K
Event: 11.569 GC heap after
Heap after GC invocations=53 (full 0):
 PSYoungGen      total 319488K, used 64K [0x00000000d6780000, 0x00000000fdc00000, 0x0000000100000000)
  eden space 318976K, 0% used [0x00000000d6780000,0x00000000d6780000,0x00000000e9f00000)
  from space 512K, 12% used [0x00000000fdb00000,0x00000000fdb10000,0x00000000fdb80000)
  to   space 512K, 0% used [0x00000000fdb80000,0x00000000fdb80000,0x00000000fdc00000)
 ParOldGen       total 86016K, used 3070K [0x0000000083600000, 0x0000000088a00000, 0x00000000d6780000)
  object space 86016K, 3% used [0x0000000083600000,0x00000000838ff8b8,0x0000000088a00000)
 Metaspace       used 15141K, capacity 15450K, committed 15744K, reserved 1062912K
  class space    used 1724K, capacity 1817K, committed 1920K, reserved 1048576K
}
Event: 11.664 GC heap before
{Heap before GC invocations=54 (full 0):
 PSYoungGen      total 319488K, used 319040K [0x00000000d6780000, 0x00000000fdc00000, 0x0000000100000000)
  eden space 318976K, 100% used [0x00000000d6780000,0x00000000e9f00000,0x00000000e9f00000)
  from space 512K, 12% used [0x00000000fdb00000,0x00000000fdb10000,0x00000000fdb80000)
  to   space 512K, 0% used [0x00000000fdb80000,0x00000000fdb80000,0x00000000fdc00000)
 ParOldGen       total 86016K, used 3070K [0x0000000083600000, 0x0000000088a00000, 0x00000000d6780000)
  object space 86016K, 3% used [0x0000000083600000,0x00000000838ff8b8,0x0000000088a00000)
 Metaspace       used 15141K, capacity 15450K, committed 15744K, reserved 1062912K
  class space    used 1724K, capacity 1817K, committed 1920K, reserved 1048576K
Event: 11.665 GC heap after
Heap after GC invocations=54 (full 0):
 PSYoungGen      total 305152K, used 96K [0x00000000d6780000, 0x00000000fdc00000, 0x0000000100000000)
  eden space 304640K, 0% used [0x00000000d6780000,0x00000000d6780000,0x00000000e9100000)
  from space 512K, 18% used [0x00000000fdb80000,0x00000000fdb98000,0x00000000fdc00000)
  to   space 512K, 0% used [0x00000000fdb00000,0x00000000fdb00000,0x00000000fdb80000)
 ParOldGen       total 86016K, used 3070K [0x0000000083600000, 0x0000000088a00000, 0x00000000d6780000)
  object space 86016K, 3% used [0x0000000083600000,0x00000000838ff8b8,0x0000000088a00000)
 Metaspace       used 15141K, capacity 15450K, committed 15744K, reserved 1062912K
  class space    used 1724K, capacity 1817K, committed 1920K, reserved 1048576K
}

